<?xml version="1.0" encoding="UTF-8"?>
<testsuite name="com.pyo.web.springboot.domain.PostsApiControllerTest" tests="2" skipped="0" failures="0" errors="0" timestamp="2022-12-22T04:07:00" hostname="DESKTOP-J5A74CM" time="0.396">
  <properties/>
  <testcase name="Posts_등록()" classname="com.pyo.web.springboot.domain.PostsApiControllerTest" time="0.296"/>
  <testcase name="Posts_수정()" classname="com.pyo.web.springboot.domain.PostsApiControllerTest" time="0.092"/>
  <system-out><![CDATA[2022-12-22 13:07:00.865  INFO 9920 --- [    Test worker] .b.t.c.SpringBootTestContextBootstrapper : Neither @ContextConfiguration nor @ContextHierarchy found for test class [com.pyo.web.springboot.domain.PostsApiControllerTest], using SpringBootContextLoader
2022-12-22 13:07:00.881  INFO 9920 --- [    Test worker] o.s.t.c.support.AbstractContextLoader    : Could not detect default resource locations for test class [com.pyo.web.springboot.domain.PostsApiControllerTest]: no resource found for suffixes {-context.xml, Context.groovy}.
2022-12-22 13:07:00.881  INFO 9920 --- [    Test worker] t.c.s.AnnotationConfigContextLoaderUtils : Could not detect default configuration classes for test class [com.pyo.web.springboot.domain.PostsApiControllerTest]: PostsApiControllerTest does not declare any static, non-private, non-final, nested classes annotated with @Configuration.
2022-12-22 13:07:00.896  INFO 9920 --- [    Test worker] .b.t.c.SpringBootTestContextBootstrapper : Found @SpringBootConfiguration com.pyo.web.springboot.Application for test class com.pyo.web.springboot.domain.PostsApiControllerTest
2022-12-22 13:07:00.896  INFO 9920 --- [    Test worker] .b.t.c.SpringBootTestContextBootstrapper : Loaded default TestExecutionListener class names from location [META-INF/spring.factories]: [org.springframework.security.test.context.support.WithSecurityContextTestExecutionListener, org.springframework.security.test.context.support.ReactorContextTestExecutionListener, org.springframework.boot.test.autoconfigure.restdocs.RestDocsTestExecutionListener, org.springframework.boot.test.autoconfigure.web.client.MockRestServiceServerResetTestExecutionListener, org.springframework.boot.test.autoconfigure.web.servlet.MockMvcPrintOnlyOnFailureTestExecutionListener, org.springframework.boot.test.autoconfigure.web.servlet.WebDriverTestExecutionListener, org.springframework.boot.test.autoconfigure.webservices.client.MockWebServiceServerTestExecutionListener, org.springframework.boot.test.mock.mockito.MockitoTestExecutionListener, org.springframework.boot.test.mock.mockito.ResetMocksTestExecutionListener, org.springframework.test.context.web.ServletTestExecutionListener, org.springframework.test.context.support.DirtiesContextBeforeModesTestExecutionListener, org.springframework.test.context.support.DependencyInjectionTestExecutionListener, org.springframework.test.context.support.DirtiesContextTestExecutionListener, org.springframework.test.context.transaction.TransactionalTestExecutionListener, org.springframework.test.context.jdbc.SqlScriptsTestExecutionListener, org.springframework.test.context.event.EventPublishingTestExecutionListener]
2022-12-22 13:07:00.912  INFO 9920 --- [    Test worker] .b.t.c.SpringBootTestContextBootstrapper : Using TestExecutionListeners: [org.springframework.test.context.web.ServletTestExecutionListener@5ff98859, org.springframework.test.context.support.DirtiesContextBeforeModesTestExecutionListener@10c480fc, org.springframework.boot.test.mock.mockito.MockitoTestExecutionListener@18bd43b6, org.springframework.boot.test.autoconfigure.SpringBootDependencyInjectionTestExecutionListener@15d4b091, org.springframework.test.context.support.DirtiesContextTestExecutionListener@6fc4932, org.springframework.test.context.transaction.TransactionalTestExecutionListener@320bfa71, org.springframework.test.context.jdbc.SqlScriptsTestExecutionListener@4059bf75, org.springframework.security.test.context.support.WithSecurityContextTestExecutionListener@70b9dfd7, org.springframework.test.context.event.EventPublishingTestExecutionListener@1468ad2b, org.springframework.security.test.context.support.ReactorContextTestExecutionListener@795d15a5, org.springframework.boot.test.autoconfigure.restdocs.RestDocsTestExecutionListener@7472afec, org.springframework.boot.test.autoconfigure.web.client.MockRestServiceServerResetTestExecutionListener@4a0b91d2, org.springframework.boot.test.autoconfigure.web.servlet.MockMvcPrintOnlyOnFailureTestExecutionListener@1bdb7c4d, org.springframework.boot.test.autoconfigure.web.servlet.WebDriverTestExecutionListener@abab2ae, org.springframework.boot.test.autoconfigure.webservices.client.MockWebServiceServerTestExecutionListener@6bd661da, org.springframework.boot.test.mock.mockito.ResetMocksTestExecutionListener@7dc5f873]
2022-12-22 13:07:00.990  INFO 9920 --- [    Test worker] o.a.c.c.C.[Tomcat].[localhost].[/]       : Initializing Spring TestDispatcherServlet ''
2022-12-22 13:07:00.990  INFO 9920 --- [    Test worker] o.s.t.web.servlet.TestDispatcherServlet  : Initializing Servlet ''
2022-12-22 13:07:00.990  INFO 9920 --- [    Test worker] o.s.t.web.servlet.TestDispatcherServlet  : Completed initialization in 0 ms
Hibernate: insert into posts (created_date, modified_date, author, content, title) values (?, ?, ?, ?, ?)
Hibernate: select posts0_.id as id1_0_, posts0_.created_date as created_2_0_, posts0_.modified_date as modified3_0_, posts0_.author as author4_0_, posts0_.content as content5_0_, posts0_.title as title6_0_ from posts posts0_
Hibernate: select posts0_.id as id1_0_, posts0_.created_date as created_2_0_, posts0_.modified_date as modified3_0_, posts0_.author as author4_0_, posts0_.content as content5_0_, posts0_.title as title6_0_ from posts posts0_
Hibernate: delete from posts where id=?
2022-12-22 13:07:01.240  INFO 9920 --- [    Test worker] o.a.c.c.C.[Tomcat].[localhost].[/]       : Initializing Spring TestDispatcherServlet ''
2022-12-22 13:07:01.256  INFO 9920 --- [    Test worker] o.s.t.web.servlet.TestDispatcherServlet  : Initializing Servlet ''
2022-12-22 13:07:01.256  INFO 9920 --- [    Test worker] o.s.t.web.servlet.TestDispatcherServlet  : Completed initialization in 0 ms
Hibernate: insert into posts (created_date, modified_date, author, content, title) values (?, ?, ?, ?, ?)
Hibernate: select posts0_.id as id1_0_0_, posts0_.created_date as created_2_0_0_, posts0_.modified_date as modified3_0_0_, posts0_.author as author4_0_0_, posts0_.content as content5_0_0_, posts0_.title as title6_0_0_ from posts posts0_ where posts0_.id=?
Hibernate: update posts set created_date=?, modified_date=?, author=?, content=?, title=? where id=?
Hibernate: select posts0_.id as id1_0_, posts0_.created_date as created_2_0_, posts0_.modified_date as modified3_0_, posts0_.author as author4_0_, posts0_.content as content5_0_, posts0_.title as title6_0_ from posts posts0_
Hibernate: select posts0_.id as id1_0_, posts0_.created_date as created_2_0_, posts0_.modified_date as modified3_0_, posts0_.author as author4_0_, posts0_.content as content5_0_, posts0_.title as title6_0_ from posts posts0_
Hibernate: delete from posts where id=?
]]></system-out>
  <system-err><![CDATA[]]></system-err>
</testsuite>
