<?xml version="1.0" encoding="UTF-8"?>
<testsuite name="com.pyo.web.springboot.HelloResponseDtoTest" tests="1" skipped="0" failures="0" errors="0" timestamp="2022-12-23T07:39:25" hostname="DESKTOP-J5A74CM" time="0.093">
  <properties/>
  <testcase name="롬복_기능_테스트()" classname="com.pyo.web.springboot.HelloResponseDtoTest" time="0.093"/>
  <system-out><![CDATA[]]></system-out>
  <system-err><![CDATA[]]></system-err>
</testsuite>
