<?xml version="1.0" encoding="UTF-8"?>
<testsuite name="com.pyo.web.springboot.HelloControllerTest" tests="2" skipped="0" failures="0" errors="0" timestamp="2022-12-23T07:39:25" hostname="DESKTOP-J5A74CM" time="0.361">
  <properties/>
  <testcase name="hello가_리턴된다()" classname="com.pyo.web.springboot.HelloControllerTest" time="0.109"/>
  <testcase name="DTO_리턴()" classname="com.pyo.web.springboot.HelloControllerTest" time="0.242"/>
  <system-out><![CDATA[2022-12-23 16:39:21.107  INFO 12072 --- [    Test worker] .b.t.a.w.s.WebMvcTestContextBootstrapper : Neither @ContextConfiguration nor @ContextHierarchy found for test class [com.pyo.web.springboot.HelloControllerTest], using SpringBootContextLoader
2022-12-23 16:39:21.107  INFO 12072 --- [    Test worker] o.s.t.c.support.AbstractContextLoader    : Could not detect default resource locations for test class [com.pyo.web.springboot.HelloControllerTest]: no resource found for suffixes {-context.xml, Context.groovy}.
2022-12-23 16:39:21.123  INFO 12072 --- [    Test worker] t.c.s.AnnotationConfigContextLoaderUtils : Could not detect default configuration classes for test class [com.pyo.web.springboot.HelloControllerTest]: HelloControllerTest does not declare any static, non-private, non-final, nested classes annotated with @Configuration.
2022-12-23 16:39:21.248  INFO 12072 --- [    Test worker] .b.t.c.SpringBootTestContextBootstrapper : Found @SpringBootConfiguration com.pyo.web.springboot.Application for test class com.pyo.web.springboot.HelloControllerTest
2022-12-23 16:39:21.248  INFO 12072 --- [    Test worker] .b.t.a.w.s.WebMvcTestContextBootstrapper : Loaded default TestExecutionListener class names from location [META-INF/spring.factories]: [org.springframework.security.test.context.support.WithSecurityContextTestExecutionListener, org.springframework.security.test.context.support.ReactorContextTestExecutionListener, org.springframework.boot.test.autoconfigure.restdocs.RestDocsTestExecutionListener, org.springframework.boot.test.autoconfigure.web.client.MockRestServiceServerResetTestExecutionListener, org.springframework.boot.test.autoconfigure.web.servlet.MockMvcPrintOnlyOnFailureTestExecutionListener, org.springframework.boot.test.autoconfigure.web.servlet.WebDriverTestExecutionListener, org.springframework.boot.test.autoconfigure.webservices.client.MockWebServiceServerTestExecutionListener, org.springframework.boot.test.mock.mockito.MockitoTestExecutionListener, org.springframework.boot.test.mock.mockito.ResetMocksTestExecutionListener, org.springframework.test.context.web.ServletTestExecutionListener, org.springframework.test.context.support.DirtiesContextBeforeModesTestExecutionListener, org.springframework.test.context.support.DependencyInjectionTestExecutionListener, org.springframework.test.context.support.DirtiesContextTestExecutionListener, org.springframework.test.context.transaction.TransactionalTestExecutionListener, org.springframework.test.context.jdbc.SqlScriptsTestExecutionListener, org.springframework.test.context.event.EventPublishingTestExecutionListener]
2022-12-23 16:39:21.248  INFO 12072 --- [    Test worker] .b.t.a.w.s.WebMvcTestContextBootstrapper : Using TestExecutionListeners: [org.springframework.test.context.web.ServletTestExecutionListener@79865264, org.springframework.test.context.support.DirtiesContextBeforeModesTestExecutionListener@1c58762f, org.springframework.boot.test.mock.mockito.MockitoTestExecutionListener@329edc99, org.springframework.boot.test.autoconfigure.SpringBootDependencyInjectionTestExecutionListener@5f5a623d, org.springframework.test.context.support.DirtiesContextTestExecutionListener@14041ec0, org.springframework.test.context.transaction.TransactionalTestExecutionListener@4bb2eb61, org.springframework.test.context.jdbc.SqlScriptsTestExecutionListener@f0c9c9a, org.springframework.security.test.context.support.WithSecurityContextTestExecutionListener@34b5ccc, org.springframework.test.context.event.EventPublishingTestExecutionListener@370db07b, org.springframework.security.test.context.support.ReactorContextTestExecutionListener@6bb8ac18, org.springframework.boot.test.autoconfigure.restdocs.RestDocsTestExecutionListener@3b15b9, org.springframework.boot.test.autoconfigure.web.client.MockRestServiceServerResetTestExecutionListener@59cf944e, org.springframework.boot.test.autoconfigure.web.servlet.MockMvcPrintOnlyOnFailureTestExecutionListener@39b6964, org.springframework.boot.test.autoconfigure.web.servlet.WebDriverTestExecutionListener@2d6ddd63, org.springframework.boot.test.autoconfigure.webservices.client.MockWebServiceServerTestExecutionListener@75a393aa, org.springframework.boot.test.mock.mockito.ResetMocksTestExecutionListener@506b14b4]

  .   ____          _            __ _ _
 /\\ / ___'_ __ _ _(_)_ __  __ _ \ \ \ \
( ( )\___ | '_ | '_| | '_ \/ _` | \ \ \ \
 \\/  ___)| |_)| | | | | || (_| |  ) ) ) )
  '  |____| .__|_| |_|_| |_\__, | / / / /
 =========|_|==============|___/=/_/_/_/
 :: Spring Boot ::                (v2.4.1)

2022-12-23 16:39:21.513  INFO 12072 --- [    Test worker] c.p.web.springboot.HelloControllerTest   : Starting HelloControllerTest using Java 11.0.15.1 on DESKTOP-J5A74CM with PID 12072 (started by dnflt in C:\Users\dnflt\Downloads\core\Spring-boot-web-service)
2022-12-23 16:39:21.607  INFO 12072 --- [    Test worker] c.p.web.springboot.HelloControllerTest   : No active profile set, falling back to default profiles: default
2022-12-23 16:39:23.357  INFO 12072 --- [    Test worker] o.s.s.concurrent.ThreadPoolTaskExecutor  : Initializing ExecutorService 'applicationTaskExecutor'
2022-12-23 16:39:23.544  INFO 12072 --- [    Test worker] o.s.b.a.w.s.WelcomePageHandlerMapping    : Adding welcome page template: index
2022-12-23 16:39:25.075  INFO 12072 --- [    Test worker] o.s.s.web.DefaultSecurityFilterChain     : Will secure any request with [org.springframework.security.web.context.request.async.WebAsyncManagerIntegrationFilter@7389b8fd, org.springframework.security.web.context.SecurityContextPersistenceFilter@7d67190b, org.springframework.security.web.header.HeaderWriterFilter@2972461d, org.springframework.security.web.csrf.CsrfFilter@5fc0a826, org.springframework.security.web.authentication.logout.LogoutFilter@8d64a6, org.springframework.security.oauth2.client.web.OAuth2AuthorizationRequestRedirectFilter@439520b3, org.springframework.security.oauth2.client.web.OAuth2AuthorizationRequestRedirectFilter@374840c8, org.springframework.security.oauth2.client.web.OAuth2LoginAuthenticationFilter@205be537, org.springframework.security.web.authentication.ui.DefaultLoginPageGeneratingFilter@afa4967, org.springframework.security.web.authentication.ui.DefaultLogoutPageGeneratingFilter@6db9125f, org.springframework.security.web.savedrequest.RequestCacheAwareFilter@4479c090, org.springframework.security.web.servletapi.SecurityContextHolderAwareRequestFilter@7f8034ac, org.springframework.security.web.authentication.AnonymousAuthenticationFilter@65b54d9a, org.springframework.security.oauth2.client.web.OAuth2AuthorizationCodeGrantFilter@568e2c9a, org.springframework.security.web.session.SessionManagementFilter@6f7aa4e8, org.springframework.security.web.access.ExceptionTranslationFilter@73a951d6, org.springframework.security.web.access.intercept.FilterSecurityInterceptor@3e87e18a]
2022-12-23 16:39:25.357  INFO 12072 --- [    Test worker] o.s.b.t.m.w.SpringBootMockServletContext : Initializing Spring TestDispatcherServlet ''
2022-12-23 16:39:25.357  INFO 12072 --- [    Test worker] o.s.t.web.servlet.TestDispatcherServlet  : Initializing Servlet ''
2022-12-23 16:39:25.357  INFO 12072 --- [    Test worker] o.s.t.web.servlet.TestDispatcherServlet  : Completed initialization in 0 ms
2022-12-23 16:39:25.419  INFO 12072 --- [    Test worker] c.p.web.springboot.HelloControllerTest   : Started HelloControllerTest in 4.154 seconds (JVM running for 50.524)
]]></system-out>
  <system-err><![CDATA[]]></system-err>
</testsuite>
