<?xml version="1.0" encoding="UTF-8"?>
<testsuite name="com.pyo.web.springboot.domain.PostsApiControllerTest" tests="2" skipped="0" failures="0" errors="0" timestamp="2022-12-23T07:39:20" hostname="DESKTOP-J5A74CM" time="0.917">
  <properties/>
  <testcase name="Posts_등록()" classname="com.pyo.web.springboot.domain.PostsApiControllerTest" time="0.72"/>
  <testcase name="Posts_수정()" classname="com.pyo.web.springboot.domain.PostsApiControllerTest" time="0.193"/>
  <system-out><![CDATA[2022-12-23 16:39:20.029  INFO 12072 --- [    Test worker] .b.t.c.SpringBootTestContextBootstrapper : Neither @ContextConfiguration nor @ContextHierarchy found for test class [com.pyo.web.springboot.domain.PostsApiControllerTest], using SpringBootContextLoader
2022-12-23 16:39:20.029  INFO 12072 --- [    Test worker] o.s.t.c.support.AbstractContextLoader    : Could not detect default resource locations for test class [com.pyo.web.springboot.domain.PostsApiControllerTest]: no resource found for suffixes {-context.xml, Context.groovy}.
2022-12-23 16:39:20.044  INFO 12072 --- [    Test worker] t.c.s.AnnotationConfigContextLoaderUtils : Could not detect default configuration classes for test class [com.pyo.web.springboot.domain.PostsApiControllerTest]: PostsApiControllerTest does not declare any static, non-private, non-final, nested classes annotated with @Configuration.
2022-12-23 16:39:20.060  INFO 12072 --- [    Test worker] .b.t.c.SpringBootTestContextBootstrapper : Found @SpringBootConfiguration com.pyo.web.springboot.Application for test class com.pyo.web.springboot.domain.PostsApiControllerTest
2022-12-23 16:39:20.060  INFO 12072 --- [    Test worker] .b.t.c.SpringBootTestContextBootstrapper : Loaded default TestExecutionListener class names from location [META-INF/spring.factories]: [org.springframework.security.test.context.support.WithSecurityContextTestExecutionListener, org.springframework.security.test.context.support.ReactorContextTestExecutionListener, org.springframework.boot.test.autoconfigure.restdocs.RestDocsTestExecutionListener, org.springframework.boot.test.autoconfigure.web.client.MockRestServiceServerResetTestExecutionListener, org.springframework.boot.test.autoconfigure.web.servlet.MockMvcPrintOnlyOnFailureTestExecutionListener, org.springframework.boot.test.autoconfigure.web.servlet.WebDriverTestExecutionListener, org.springframework.boot.test.autoconfigure.webservices.client.MockWebServiceServerTestExecutionListener, org.springframework.boot.test.mock.mockito.MockitoTestExecutionListener, org.springframework.boot.test.mock.mockito.ResetMocksTestExecutionListener, org.springframework.test.context.web.ServletTestExecutionListener, org.springframework.test.context.support.DirtiesContextBeforeModesTestExecutionListener, org.springframework.test.context.support.DependencyInjectionTestExecutionListener, org.springframework.test.context.support.DirtiesContextTestExecutionListener, org.springframework.test.context.transaction.TransactionalTestExecutionListener, org.springframework.test.context.jdbc.SqlScriptsTestExecutionListener, org.springframework.test.context.event.EventPublishingTestExecutionListener]
2022-12-23 16:39:20.138  INFO 12072 --- [    Test worker] .b.t.c.SpringBootTestContextBootstrapper : Using TestExecutionListeners: [org.springframework.test.context.web.ServletTestExecutionListener@7e10eebe, org.springframework.test.context.support.DirtiesContextBeforeModesTestExecutionListener@629e23e0, org.springframework.boot.test.mock.mockito.MockitoTestExecutionListener@298b5924, org.springframework.boot.test.autoconfigure.SpringBootDependencyInjectionTestExecutionListener@2bdf55a1, org.springframework.test.context.support.DirtiesContextTestExecutionListener@52c33b7a, org.springframework.test.context.transaction.TransactionalTestExecutionListener@415183e1, org.springframework.test.context.jdbc.SqlScriptsTestExecutionListener@32e0a096, org.springframework.security.test.context.support.WithSecurityContextTestExecutionListener@63c38936, org.springframework.test.context.event.EventPublishingTestExecutionListener@281076df, org.springframework.security.test.context.support.ReactorContextTestExecutionListener@6513a6b7, org.springframework.boot.test.autoconfigure.restdocs.RestDocsTestExecutionListener@52c04e93, org.springframework.boot.test.autoconfigure.web.client.MockRestServiceServerResetTestExecutionListener@2d35e7c4, org.springframework.boot.test.autoconfigure.web.servlet.MockMvcPrintOnlyOnFailureTestExecutionListener@6b8da33, org.springframework.boot.test.autoconfigure.web.servlet.WebDriverTestExecutionListener@7ee6f24d, org.springframework.boot.test.autoconfigure.webservices.client.MockWebServiceServerTestExecutionListener@2e828fd4, org.springframework.boot.test.mock.mockito.ResetMocksTestExecutionListener@2c8b4607]
2022-12-23 16:39:20.326  INFO 12072 --- [    Test worker] o.a.c.c.C.[Tomcat].[localhost].[/]       : Initializing Spring TestDispatcherServlet ''
2022-12-23 16:39:20.326  INFO 12072 --- [    Test worker] o.s.t.web.servlet.TestDispatcherServlet  : Initializing Servlet ''
2022-12-23 16:39:20.341  INFO 12072 --- [    Test worker] o.s.t.web.servlet.TestDispatcherServlet  : Completed initialization in 15 ms
Hibernate: insert into posts (created_date, modified_date, author, content, title) values (?, ?, ?, ?, ?)
Hibernate: select posts0_.id as id1_0_, posts0_.created_date as created_2_0_, posts0_.modified_date as modified3_0_, posts0_.author as author4_0_, posts0_.content as content5_0_, posts0_.title as title6_0_ from posts posts0_
Hibernate: select posts0_.id as id1_0_, posts0_.created_date as created_2_0_, posts0_.modified_date as modified3_0_, posts0_.author as author4_0_, posts0_.content as content5_0_, posts0_.title as title6_0_ from posts posts0_
Hibernate: delete from posts where id=?
2022-12-23 16:39:20.904  INFO 12072 --- [    Test worker] o.a.c.c.C.[Tomcat].[localhost].[/]       : Initializing Spring TestDispatcherServlet ''
2022-12-23 16:39:20.904  INFO 12072 --- [    Test worker] o.s.t.web.servlet.TestDispatcherServlet  : Initializing Servlet ''
2022-12-23 16:39:20.904  INFO 12072 --- [    Test worker] o.s.t.web.servlet.TestDispatcherServlet  : Completed initialization in 0 ms
Hibernate: insert into posts (created_date, modified_date, author, content, title) values (?, ?, ?, ?, ?)
Hibernate: select posts0_.id as id1_0_0_, posts0_.created_date as created_2_0_0_, posts0_.modified_date as modified3_0_0_, posts0_.author as author4_0_0_, posts0_.content as content5_0_0_, posts0_.title as title6_0_0_ from posts posts0_ where posts0_.id=?
Hibernate: update posts set created_date=?, modified_date=?, author=?, content=?, title=? where id=?
Hibernate: select posts0_.id as id1_0_, posts0_.created_date as created_2_0_, posts0_.modified_date as modified3_0_, posts0_.author as author4_0_, posts0_.content as content5_0_, posts0_.title as title6_0_ from posts posts0_
Hibernate: select posts0_.id as id1_0_, posts0_.created_date as created_2_0_, posts0_.modified_date as modified3_0_, posts0_.author as author4_0_, posts0_.content as content5_0_, posts0_.title as title6_0_ from posts posts0_
Hibernate: delete from posts where id=?
]]></system-out>
  <system-err><![CDATA[]]></system-err>
</testsuite>
