<?xml version="1.0" encoding="UTF-8"?>
<testsuite name="com.pyo.web.springboot.domain.posts.PostsRepositoryTest" tests="2" skipped="0" failures="0" errors="0" timestamp="2022-12-23T07:39:19" hostname="DESKTOP-J5A74CM" time="0.625">
  <properties/>
  <testcase name="게시글저장_불러오기()" classname="com.pyo.web.springboot.domain.posts.PostsRepositoryTest" time="0.471"/>
  <testcase name="BaseTimeEntity_등록()" classname="com.pyo.web.springboot.domain.posts.PostsRepositoryTest" time="0.148"/>
  <system-out><![CDATA[2022-12-23 16:39:11.186  INFO 12072 --- [    Test worker] .b.t.c.SpringBootTestContextBootstrapper : Neither @ContextConfiguration nor @ContextHierarchy found for test class [com.pyo.web.springboot.domain.posts.PostsRepositoryTest], using SpringBootContextLoader
2022-12-23 16:39:11.201  INFO 12072 --- [    Test worker] o.s.t.c.support.AbstractContextLoader    : Could not detect default resource locations for test class [com.pyo.web.springboot.domain.posts.PostsRepositoryTest]: no resource found for suffixes {-context.xml, Context.groovy}.
2022-12-23 16:39:11.201  INFO 12072 --- [    Test worker] t.c.s.AnnotationConfigContextLoaderUtils : Could not detect default configuration classes for test class [com.pyo.web.springboot.domain.posts.PostsRepositoryTest]: PostsRepositoryTest does not declare any static, non-private, non-final, nested classes annotated with @Configuration.
2022-12-23 16:39:11.326  INFO 12072 --- [    Test worker] .b.t.c.SpringBootTestContextBootstrapper : Found @SpringBootConfiguration com.pyo.web.springboot.Application for test class com.pyo.web.springboot.domain.posts.PostsRepositoryTest
2022-12-23 16:39:11.342  INFO 12072 --- [    Test worker] .b.t.c.SpringBootTestContextBootstrapper : Loaded default TestExecutionListener class names from location [META-INF/spring.factories]: [org.springframework.security.test.context.support.WithSecurityContextTestExecutionListener, org.springframework.security.test.context.support.ReactorContextTestExecutionListener, org.springframework.boot.test.autoconfigure.restdocs.RestDocsTestExecutionListener, org.springframework.boot.test.autoconfigure.web.client.MockRestServiceServerResetTestExecutionListener, org.springframework.boot.test.autoconfigure.web.servlet.MockMvcPrintOnlyOnFailureTestExecutionListener, org.springframework.boot.test.autoconfigure.web.servlet.WebDriverTestExecutionListener, org.springframework.boot.test.autoconfigure.webservices.client.MockWebServiceServerTestExecutionListener, org.springframework.boot.test.mock.mockito.MockitoTestExecutionListener, org.springframework.boot.test.mock.mockito.ResetMocksTestExecutionListener, org.springframework.test.context.web.ServletTestExecutionListener, org.springframework.test.context.support.DirtiesContextBeforeModesTestExecutionListener, org.springframework.test.context.support.DependencyInjectionTestExecutionListener, org.springframework.test.context.support.DirtiesContextTestExecutionListener, org.springframework.test.context.transaction.TransactionalTestExecutionListener, org.springframework.test.context.jdbc.SqlScriptsTestExecutionListener, org.springframework.test.context.event.EventPublishingTestExecutionListener]
2022-12-23 16:39:11.342  INFO 12072 --- [    Test worker] .b.t.c.SpringBootTestContextBootstrapper : Using TestExecutionListeners: [org.springframework.test.context.web.ServletTestExecutionListener@6bff6b3a, org.springframework.test.context.support.DirtiesContextBeforeModesTestExecutionListener@30f47865, org.springframework.boot.test.mock.mockito.MockitoTestExecutionListener@349a295, org.springframework.boot.test.autoconfigure.SpringBootDependencyInjectionTestExecutionListener@14d176e3, org.springframework.test.context.support.DirtiesContextTestExecutionListener@4e769f8, org.springframework.test.context.transaction.TransactionalTestExecutionListener@17c31e51, org.springframework.test.context.jdbc.SqlScriptsTestExecutionListener@59505b36, org.springframework.security.test.context.support.WithSecurityContextTestExecutionListener@46a95891, org.springframework.test.context.event.EventPublishingTestExecutionListener@79be4115, org.springframework.security.test.context.support.ReactorContextTestExecutionListener@7600e9e5, org.springframework.boot.test.autoconfigure.restdocs.RestDocsTestExecutionListener@2d5295f8, org.springframework.boot.test.autoconfigure.web.client.MockRestServiceServerResetTestExecutionListener@21b32d13, org.springframework.boot.test.autoconfigure.web.servlet.MockMvcPrintOnlyOnFailureTestExecutionListener@2a8e66d9, org.springframework.boot.test.autoconfigure.web.servlet.WebDriverTestExecutionListener@5b30edac, org.springframework.boot.test.autoconfigure.webservices.client.MockWebServiceServerTestExecutionListener@62745e67, org.springframework.boot.test.mock.mockito.ResetMocksTestExecutionListener@5a973c8f]

  .   ____          _            __ _ _
 /\\ / ___'_ __ _ _(_)_ __  __ _ \ \ \ \
( ( )\___ | '_ | '_| | '_ \/ _` | \ \ \ \
 \\/  ___)| |_)| | | | | || (_| |  ) ) ) )
  '  |____| .__|_| |_|_| |_\__, | / / / /
 =========|_|==============|___/=/_/_/_/
 :: Spring Boot ::                (v2.4.1)

2022-12-23 16:39:11.561  INFO 12072 --- [    Test worker] c.p.w.s.d.posts.PostsRepositoryTest      : Starting PostsRepositoryTest using Java 11.0.15.1 on DESKTOP-J5A74CM with PID 12072 (started by dnflt in C:\Users\dnflt\Downloads\core\Spring-boot-web-service)
2022-12-23 16:39:11.561  INFO 12072 --- [    Test worker] c.p.w.s.d.posts.PostsRepositoryTest      : No active profile set, falling back to default profiles: default
2022-12-23 16:39:13.217  INFO 12072 --- [    Test worker] .s.d.r.c.RepositoryConfigurationDelegate : Bootstrapping Spring Data JPA repositories in DEFAULT mode.
2022-12-23 16:39:13.357  INFO 12072 --- [    Test worker] .s.d.r.c.RepositoryConfigurationDelegate : Finished Spring Data repository scanning in 119 ms. Found 2 JPA repository interfaces.
2022-12-23 16:39:14.232  INFO 12072 --- [    Test worker] com.zaxxer.hikari.HikariDataSource       : HikariPool-2 - Starting...
2022-12-23 16:39:14.232  INFO 12072 --- [    Test worker] com.zaxxer.hikari.HikariDataSource       : HikariPool-2 - Start completed.
2022-12-23 16:39:14.342  INFO 12072 --- [    Test worker] o.hibernate.jpa.internal.util.LogHelper  : HHH000204: Processing PersistenceUnitInfo [name: default]
2022-12-23 16:39:14.389  INFO 12072 --- [    Test worker] org.hibernate.dialect.Dialect            : HHH000400: Using dialect: org.hibernate.dialect.MySQL57Dialect
Hibernate: drop table if exists posts
Hibernate: drop table if exists user
Hibernate: create table posts (id bigint not null auto_increment, created_date datetime(6), modified_date datetime(6), author varchar(255), content TEXT not null, title varchar(500) not null, primary key (id)) engine=InnoDB
Hibernate: create table user (id bigint not null auto_increment, created_date datetime(6), modified_date datetime(6), email varchar(255) not null, name varchar(255) not null, picture varchar(255), role varchar(255) not null, primary key (id)) engine=InnoDB
2022-12-23 16:39:14.670  INFO 12072 --- [    Test worker] o.h.e.t.j.p.i.JtaPlatformInitiator       : HHH000490: Using JtaPlatform implementation: [org.hibernate.engine.transaction.jta.platform.internal.NoJtaPlatform]
2022-12-23 16:39:14.670  INFO 12072 --- [    Test worker] j.LocalContainerEntityManagerFactoryBean : Initialized JPA EntityManagerFactory for persistence unit 'default'
2022-12-23 16:39:15.263  WARN 12072 --- [    Test worker] JpaBaseConfiguration$JpaWebConfiguration : spring.jpa.open-in-view is enabled by default. Therefore, database queries may be performed during view rendering. Explicitly configure spring.jpa.open-in-view to disable this warning
2022-12-23 16:39:16.357  INFO 12072 --- [    Test worker] o.s.s.web.DefaultSecurityFilterChain     : Will secure any request with [org.springframework.security.web.context.request.async.WebAsyncManagerIntegrationFilter@2cd65b7c, org.springframework.security.web.context.SecurityContextPersistenceFilter@45be2ead, org.springframework.security.web.header.HeaderWriterFilter@4dd82118, org.springframework.security.web.authentication.logout.LogoutFilter@13ddeeef, org.springframework.security.oauth2.client.web.OAuth2AuthorizationRequestRedirectFilter@1ea4a65c, org.springframework.security.oauth2.client.web.OAuth2LoginAuthenticationFilter@93d69b1, org.springframework.security.web.authentication.ui.DefaultLoginPageGeneratingFilter@4515fab7, org.springframework.security.web.authentication.ui.DefaultLogoutPageGeneratingFilter@1fe2cf7d, org.springframework.security.web.savedrequest.RequestCacheAwareFilter@7502eae6, org.springframework.security.web.servletapi.SecurityContextHolderAwareRequestFilter@79dec5bf, org.springframework.security.web.authentication.AnonymousAuthenticationFilter@24cf0c9b, org.springframework.security.web.session.SessionManagementFilter@7b48f7e4, org.springframework.security.web.access.ExceptionTranslationFilter@590d203c, org.springframework.security.web.access.intercept.FilterSecurityInterceptor@28737e8d]
2022-12-23 16:39:17.295  INFO 12072 --- [    Test worker] o.s.s.concurrent.ThreadPoolTaskExecutor  : Initializing ExecutorService 'applicationTaskExecutor'
2022-12-23 16:39:17.388  INFO 12072 --- [    Test worker] o.s.b.a.h2.H2ConsoleAutoConfiguration    : H2 console available at '/h2-console'. Database available at 'jdbc:h2:mem:testdb'
2022-12-23 16:39:17.576  INFO 12072 --- [    Test worker] o.s.b.a.w.s.WelcomePageHandlerMapping    : Adding welcome page template: index
2022-12-23 16:39:19.279  INFO 12072 --- [    Test worker] s.a.ScheduledAnnotationBeanPostProcessor : No TaskScheduler/ScheduledExecutorService bean found for scheduled processing
2022-12-23 16:39:19.295  INFO 12072 --- [    Test worker] c.p.w.s.d.posts.PostsRepositoryTest      : Started PostsRepositoryTest in 7.926 seconds (JVM running for 44.398)
Hibernate: insert into posts (created_date, modified_date, author, content, title) values (?, ?, ?, ?, ?)
Hibernate: select posts0_.id as id1_0_, posts0_.created_date as created_2_0_, posts0_.modified_date as modified3_0_, posts0_.author as author4_0_, posts0_.content as content5_0_, posts0_.title as title6_0_ from posts posts0_
Hibernate: select posts0_.id as id1_0_, posts0_.created_date as created_2_0_, posts0_.modified_date as modified3_0_, posts0_.author as author4_0_, posts0_.content as content5_0_, posts0_.title as title6_0_ from posts posts0_
Hibernate: delete from posts where id=?
Hibernate: insert into posts (created_date, modified_date, author, content, title) values (?, ?, ?, ?, ?)
Hibernate: select posts0_.id as id1_0_, posts0_.created_date as created_2_0_, posts0_.modified_date as modified3_0_, posts0_.author as author4_0_, posts0_.content as content5_0_, posts0_.title as title6_0_ from posts posts0_
>>>>>>>>>>>> createDate=2022-12-23T16:39:19.826242, modifiedDate =2022-12-23T16:39:19.826242
Hibernate: select posts0_.id as id1_0_, posts0_.created_date as created_2_0_, posts0_.modified_date as modified3_0_, posts0_.author as author4_0_, posts0_.content as content5_0_, posts0_.title as title6_0_ from posts posts0_
Hibernate: delete from posts where id=?
]]></system-out>
  <system-err><![CDATA[]]></system-err>
</testsuite>
