<?xml version="1.0" encoding="UTF-8"?>
<testsuite name="com.pyo.web.springboot.domain.posts.PostsRepositoryTest" tests="1" skipped="0" failures="0" errors="0" timestamp="2022-12-20T06:54:29" hostname="DESKTOP-J5A74CM" time="1.733">
  <properties/>
  <testcase name="BaseTimeEntity_등록()" classname="com.pyo.web.springboot.domain.posts.PostsRepositoryTest" time="1.733"/>
  <system-out><![CDATA[15:54:09.770 [Test worker] DEBUG org.springframework.test.context.BootstrapUtils - Instantiating CacheAwareContextLoaderDelegate from class [org.springframework.test.context.cache.DefaultCacheAwareContextLoaderDelegate]
15:54:09.833 [Test worker] DEBUG org.springframework.test.context.BootstrapUtils - Instantiating BootstrapContext using constructor [public org.springframework.test.context.support.DefaultBootstrapContext(java.lang.Class,org.springframework.test.context.CacheAwareContextLoaderDelegate)]
15:54:09.973 [Test worker] DEBUG org.springframework.test.context.BootstrapUtils - Instantiating TestContextBootstrapper for test class [com.pyo.web.springboot.domain.posts.PostsRepositoryTest] from class [org.springframework.boot.test.context.SpringBootTestContextBootstrapper]
15:54:10.036 [Test worker] INFO org.springframework.boot.test.context.SpringBootTestContextBootstrapper - Neither @ContextConfiguration nor @ContextHierarchy found for test class [com.pyo.web.springboot.domain.posts.PostsRepositoryTest], using SpringBootContextLoader
15:54:10.052 [Test worker] DEBUG org.springframework.test.context.support.AbstractContextLoader - Did not detect default resource location for test class [com.pyo.web.springboot.domain.posts.PostsRepositoryTest]: class path resource [com/pyo/web/springboot/domain/posts/PostsRepositoryTest-context.xml] does not exist
15:54:10.052 [Test worker] DEBUG org.springframework.test.context.support.AbstractContextLoader - Did not detect default resource location for test class [com.pyo.web.springboot.domain.posts.PostsRepositoryTest]: class path resource [com/pyo/web/springboot/domain/posts/PostsRepositoryTestContext.groovy] does not exist
15:54:10.052 [Test worker] INFO org.springframework.test.context.support.AbstractContextLoader - Could not detect default resource locations for test class [com.pyo.web.springboot.domain.posts.PostsRepositoryTest]: no resource found for suffixes {-context.xml, Context.groovy}.
15:54:10.067 [Test worker] INFO org.springframework.test.context.support.AnnotationConfigContextLoaderUtils - Could not detect default configuration classes for test class [com.pyo.web.springboot.domain.posts.PostsRepositoryTest]: PostsRepositoryTest does not declare any static, non-private, non-final, nested classes annotated with @Configuration.
15:54:10.286 [Test worker] DEBUG org.springframework.test.context.support.ActiveProfilesUtils - Could not find an 'annotation declaring class' for annotation type [org.springframework.test.context.ActiveProfiles] and class [com.pyo.web.springboot.domain.posts.PostsRepositoryTest]
15:54:10.755 [Test worker] DEBUG org.springframework.context.annotation.ClassPathScanningCandidateComponentProvider - Identified candidate component class: file [C:\Users\dnflt\Downloads\core\Spring-boot-web-service\build\classes\java\main\com\pyo\web\springboot\Application.class]
15:54:10.755 [Test worker] INFO org.springframework.boot.test.context.SpringBootTestContextBootstrapper - Found @SpringBootConfiguration com.pyo.web.springboot.Application for test class com.pyo.web.springboot.domain.posts.PostsRepositoryTest
15:54:11.442 [Test worker] DEBUG org.springframework.boot.test.context.SpringBootTestContextBootstrapper - @TestExecutionListeners is not present for class [com.pyo.web.springboot.domain.posts.PostsRepositoryTest]: using defaults.
15:54:11.442 [Test worker] INFO org.springframework.boot.test.context.SpringBootTestContextBootstrapper - Loaded default TestExecutionListener class names from location [META-INF/spring.factories]: [org.springframework.boot.test.autoconfigure.restdocs.RestDocsTestExecutionListener, org.springframework.boot.test.autoconfigure.web.client.MockRestServiceServerResetTestExecutionListener, org.springframework.boot.test.autoconfigure.web.servlet.MockMvcPrintOnlyOnFailureTestExecutionListener, org.springframework.boot.test.autoconfigure.web.servlet.WebDriverTestExecutionListener, org.springframework.boot.test.autoconfigure.webservices.client.MockWebServiceServerTestExecutionListener, org.springframework.boot.test.mock.mockito.MockitoTestExecutionListener, org.springframework.boot.test.mock.mockito.ResetMocksTestExecutionListener, org.springframework.test.context.web.ServletTestExecutionListener, org.springframework.test.context.support.DirtiesContextBeforeModesTestExecutionListener, org.springframework.test.context.support.DependencyInjectionTestExecutionListener, org.springframework.test.context.support.DirtiesContextTestExecutionListener, org.springframework.test.context.transaction.TransactionalTestExecutionListener, org.springframework.test.context.jdbc.SqlScriptsTestExecutionListener, org.springframework.test.context.event.EventPublishingTestExecutionListener]
15:54:11.598 [Test worker] INFO org.springframework.boot.test.context.SpringBootTestContextBootstrapper - Using TestExecutionListeners: [org.springframework.test.context.web.ServletTestExecutionListener@3717d012, org.springframework.test.context.support.DirtiesContextBeforeModesTestExecutionListener@14fba1c7, org.springframework.boot.test.mock.mockito.MockitoTestExecutionListener@239d183c, org.springframework.boot.test.autoconfigure.SpringBootDependencyInjectionTestExecutionListener@3d689222, org.springframework.test.context.support.DirtiesContextTestExecutionListener@34f652dd, org.springframework.test.context.transaction.TransactionalTestExecutionListener@7dca281d, org.springframework.test.context.jdbc.SqlScriptsTestExecutionListener@36dd8360, org.springframework.test.context.event.EventPublishingTestExecutionListener@4fddfe1b, org.springframework.boot.test.autoconfigure.restdocs.RestDocsTestExecutionListener@49bb3d87, org.springframework.boot.test.autoconfigure.web.client.MockRestServiceServerResetTestExecutionListener@651d6e6d, org.springframework.boot.test.autoconfigure.web.servlet.MockMvcPrintOnlyOnFailureTestExecutionListener@3f01372d, org.springframework.boot.test.autoconfigure.web.servlet.WebDriverTestExecutionListener@1f0c3bf0, org.springframework.boot.test.autoconfigure.webservices.client.MockWebServiceServerTestExecutionListener@f4b6a93, org.springframework.boot.test.mock.mockito.ResetMocksTestExecutionListener@12b0311]
15:54:11.630 [Test worker] DEBUG org.springframework.test.context.support.AbstractDirtiesContextTestExecutionListener - Before test class: context [DefaultTestContext@5d162b5b testClass = PostsRepositoryTest, testInstance = [null], testMethod = [null], testException = [null], mergedContextConfiguration = [WebMergedContextConfiguration@54f3dd98 testClass = PostsRepositoryTest, locations = '{}', classes = '{class com.pyo.web.springboot.Application}', contextInitializerClasses = '[]', activeProfiles = '{}', propertySourceLocations = '{}', propertySourceProperties = '{org.springframework.boot.test.context.SpringBootTestContextBootstrapper=true}', contextCustomizers = set[org.springframework.boot.test.autoconfigure.actuate.metrics.MetricsExportContextCustomizerFactory$DisableMetricExportContextCustomizer@59ce62f2, org.springframework.boot.test.autoconfigure.properties.PropertyMappingContextCustomizer@0, org.springframework.boot.test.autoconfigure.web.servlet.WebDriverContextCustomizerFactory$Customizer@1fef0fa1, org.springframework.boot.test.context.filter.ExcludeFilterContextCustomizer@5489f23f, org.springframework.boot.test.json.DuplicateJsonObjectContextCustomizerFactory$DuplicateJsonObjectContextCustomizer@17baddf6, org.springframework.boot.test.mock.mockito.MockitoContextCustomizer@0, org.springframework.boot.test.web.client.TestRestTemplateContextCustomizer@372fbff6, org.springframework.boot.test.context.SpringBootTestArgs@1, org.springframework.boot.test.context.SpringBootTestWebEnvironment@68a19d7f], resourceBasePath = 'src/main/webapp', contextLoader = 'org.springframework.boot.test.context.SpringBootContextLoader', parent = [null]], attributes = map['org.springframework.test.context.web.ServletTestExecutionListener.activateListener' -> true]], class annotated with @DirtiesContext [false] with mode [null].
15:54:11.880 [Test worker] DEBUG org.springframework.test.context.support.TestPropertySourceUtils - Adding inlined properties to environment: {spring.jmx.enabled=false, org.springframework.boot.test.context.SpringBootTestContextBootstrapper=true}

  .   ____          _            __ _ _
 /\\ / ___'_ __ _ _(_)_ __  __ _ \ \ \ \
( ( )\___ | '_ | '_| | '_ \/ _` | \ \ \ \
 \\/  ___)| |_)| | | | | || (_| |  ) ) ) )
  '  |____| .__|_| |_|_| |_\__, | / / / /
 =========|_|==============|___/=/_/_/_/
 :: Spring Boot ::                (v2.4.1)

2022-12-20 15:54:13.114  INFO 8356 --- [    Test worker] c.p.w.s.d.posts.PostsRepositoryTest      : Starting PostsRepositoryTest using Java 11.0.15.1 on DESKTOP-J5A74CM with PID 8356 (started by dnflt in C:\Users\dnflt\Downloads\core\Spring-boot-web-service)
2022-12-20 15:54:13.114  INFO 8356 --- [    Test worker] c.p.w.s.d.posts.PostsRepositoryTest      : No active profile set, falling back to default profiles: default
2022-12-20 15:54:16.129  INFO 8356 --- [    Test worker] .s.d.r.c.RepositoryConfigurationDelegate : Bootstrapping Spring Data JPA repositories in DEFAULT mode.
2022-12-20 15:54:16.364  INFO 8356 --- [    Test worker] .s.d.r.c.RepositoryConfigurationDelegate : Finished Spring Data repository scanning in 203 ms. Found 1 JPA repository interfaces.
2022-12-20 15:54:18.598  INFO 8356 --- [    Test worker] com.zaxxer.hikari.HikariDataSource       : HikariPool-1 - Starting...
2022-12-20 15:54:19.395  INFO 8356 --- [    Test worker] com.zaxxer.hikari.HikariDataSource       : HikariPool-1 - Start completed.
2022-12-20 15:54:19.832  INFO 8356 --- [    Test worker] o.hibernate.jpa.internal.util.LogHelper  : HHH000204: Processing PersistenceUnitInfo [name: default]
2022-12-20 15:54:20.129  INFO 8356 --- [    Test worker] org.hibernate.Version                    : HHH000412: Hibernate ORM core version 5.4.25.Final
2022-12-20 15:54:20.910  INFO 8356 --- [    Test worker] o.hibernate.annotations.common.Version   : HCANN000001: Hibernate Commons Annotations {5.1.2.Final}
2022-12-20 15:54:21.535  INFO 8356 --- [    Test worker] org.hibernate.dialect.Dialect            : HHH000400: Using dialect: org.hibernate.dialect.MySQL57Dialect
Hibernate: drop table if exists posts
Hibernate: create table posts (id bigint not null auto_increment, created_date datetime(6), modified_date datetime(6), author varchar(255), content TEXT not null, title varchar(500) not null, primary key (id)) engine=InnoDB
2022-12-20 15:54:24.473  INFO 8356 --- [    Test worker] o.h.e.t.j.p.i.JtaPlatformInitiator       : HHH000490: Using JtaPlatform implementation: [org.hibernate.engine.transaction.jta.platform.internal.NoJtaPlatform]
2022-12-20 15:54:24.520  INFO 8356 --- [    Test worker] j.LocalContainerEntityManagerFactoryBean : Initialized JPA EntityManagerFactory for persistence unit 'default'
2022-12-20 15:54:26.832  WARN 8356 --- [    Test worker] JpaBaseConfiguration$JpaWebConfiguration : spring.jpa.open-in-view is enabled by default. Therefore, database queries may be performed during view rendering. Explicitly configure spring.jpa.open-in-view to disable this warning
2022-12-20 15:54:27.848  INFO 8356 --- [    Test worker] o.s.s.concurrent.ThreadPoolTaskExecutor  : Initializing ExecutorService 'applicationTaskExecutor'
2022-12-20 15:54:28.098  INFO 8356 --- [    Test worker] o.s.b.a.h2.H2ConsoleAutoConfiguration    : H2 console available at '/h2-console'. Database available at 'jdbc:h2:mem:testdb'
2022-12-20 15:54:28.863  WARN 8356 --- [    Test worker] o.s.b.a.m.MustacheAutoConfiguration      : Cannot find template location: classpath:/templates/ (please add some templates, check your Mustache configuration, or set spring.mustache.check-template-location=false)
2022-12-20 15:54:29.597  INFO 8356 --- [    Test worker] c.p.w.s.d.posts.PostsRepositoryTest      : Started PostsRepositoryTest in 17.647 seconds (JVM running for 23.591)
Hibernate: insert into posts (created_date, modified_date, author, content, title) values (?, ?, ?, ?, ?)
Hibernate: select posts0_.id as id1_0_, posts0_.created_date as created_2_0_, posts0_.modified_date as modified3_0_, posts0_.author as author4_0_, posts0_.content as content5_0_, posts0_.title as title6_0_ from posts posts0_
>>>>>>>>>>>> createDate=2022-12-20T15:54:30.301043, modifiedDate =2022-12-20T15:54:30.301043
Hibernate: select posts0_.id as id1_0_, posts0_.created_date as created_2_0_, posts0_.modified_date as modified3_0_, posts0_.author as author4_0_, posts0_.content as content5_0_, posts0_.title as title6_0_ from posts posts0_
Hibernate: delete from posts where id=?
]]></system-out>
  <system-err><![CDATA[]]></system-err>
</testsuite>
