<?xml version="1.0" encoding="UTF-8"?>
<testsuite name="com.pyo.web.springboot.HelloControllerTest" tests="2" skipped="0" failures="0" errors="0" timestamp="2022-12-22T04:06:34" hostname="DESKTOP-J5A74CM" time="2.468">
  <properties/>
  <testcase name="hello가_리턴된다()" classname="com.pyo.web.springboot.HelloControllerTest" time="2.1"/>
  <testcase name="DTO_리턴()" classname="com.pyo.web.springboot.HelloControllerTest" time="0.361"/>
  <system-out><![CDATA[13:06:23.072 [Test worker] DEBUG org.springframework.test.context.BootstrapUtils - Instantiating CacheAwareContextLoaderDelegate from class [org.springframework.test.context.cache.DefaultCacheAwareContextLoaderDelegate]
13:06:23.134 [Test worker] DEBUG org.springframework.test.context.BootstrapUtils - Instantiating BootstrapContext using constructor [public org.springframework.test.context.support.DefaultBootstrapContext(java.lang.Class,org.springframework.test.context.CacheAwareContextLoaderDelegate)]
13:06:23.290 [Test worker] DEBUG org.springframework.test.context.BootstrapUtils - Instantiating TestContextBootstrapper for test class [com.pyo.web.springboot.HelloControllerTest] from class [org.springframework.boot.test.autoconfigure.web.servlet.WebMvcTestContextBootstrapper]
13:06:23.337 [Test worker] INFO org.springframework.boot.test.autoconfigure.web.servlet.WebMvcTestContextBootstrapper - Neither @ContextConfiguration nor @ContextHierarchy found for test class [com.pyo.web.springboot.HelloControllerTest], using SpringBootContextLoader
13:06:23.369 [Test worker] DEBUG org.springframework.test.context.support.AbstractContextLoader - Did not detect default resource location for test class [com.pyo.web.springboot.HelloControllerTest]: class path resource [com/pyo/web/springboot/HelloControllerTest-context.xml] does not exist
13:06:23.369 [Test worker] DEBUG org.springframework.test.context.support.AbstractContextLoader - Did not detect default resource location for test class [com.pyo.web.springboot.HelloControllerTest]: class path resource [com/pyo/web/springboot/HelloControllerTestContext.groovy] does not exist
13:06:23.369 [Test worker] INFO org.springframework.test.context.support.AbstractContextLoader - Could not detect default resource locations for test class [com.pyo.web.springboot.HelloControllerTest]: no resource found for suffixes {-context.xml, Context.groovy}.
13:06:23.369 [Test worker] INFO org.springframework.test.context.support.AnnotationConfigContextLoaderUtils - Could not detect default configuration classes for test class [com.pyo.web.springboot.HelloControllerTest]: HelloControllerTest does not declare any static, non-private, non-final, nested classes annotated with @Configuration.
13:06:23.728 [Test worker] DEBUG org.springframework.test.context.support.ActiveProfilesUtils - Could not find an 'annotation declaring class' for annotation type [org.springframework.test.context.ActiveProfiles] and class [com.pyo.web.springboot.HelloControllerTest]
13:06:24.056 [Test worker] DEBUG org.springframework.context.annotation.ClassPathScanningCandidateComponentProvider - Identified candidate component class: file [C:\Users\dnflt\Downloads\core\Spring-boot-web-service\build\classes\java\main\com\pyo\web\springboot\Application.class]
13:06:24.056 [Test worker] INFO org.springframework.boot.test.context.SpringBootTestContextBootstrapper - Found @SpringBootConfiguration com.pyo.web.springboot.Application for test class com.pyo.web.springboot.HelloControllerTest
13:06:24.087 [Test worker] DEBUG org.springframework.boot.test.autoconfigure.web.servlet.WebMvcTestContextBootstrapper - @TestExecutionListeners is not present for class [com.pyo.web.springboot.HelloControllerTest]: using defaults.
13:06:24.103 [Test worker] INFO org.springframework.boot.test.autoconfigure.web.servlet.WebMvcTestContextBootstrapper - Loaded default TestExecutionListener class names from location [META-INF/spring.factories]: [org.springframework.security.test.context.support.WithSecurityContextTestExecutionListener, org.springframework.security.test.context.support.ReactorContextTestExecutionListener, org.springframework.boot.test.autoconfigure.restdocs.RestDocsTestExecutionListener, org.springframework.boot.test.autoconfigure.web.client.MockRestServiceServerResetTestExecutionListener, org.springframework.boot.test.autoconfigure.web.servlet.MockMvcPrintOnlyOnFailureTestExecutionListener, org.springframework.boot.test.autoconfigure.web.servlet.WebDriverTestExecutionListener, org.springframework.boot.test.autoconfigure.webservices.client.MockWebServiceServerTestExecutionListener, org.springframework.boot.test.mock.mockito.MockitoTestExecutionListener, org.springframework.boot.test.mock.mockito.ResetMocksTestExecutionListener, org.springframework.test.context.web.ServletTestExecutionListener, org.springframework.test.context.support.DirtiesContextBeforeModesTestExecutionListener, org.springframework.test.context.support.DependencyInjectionTestExecutionListener, org.springframework.test.context.support.DirtiesContextTestExecutionListener, org.springframework.test.context.transaction.TransactionalTestExecutionListener, org.springframework.test.context.jdbc.SqlScriptsTestExecutionListener, org.springframework.test.context.event.EventPublishingTestExecutionListener]
13:06:24.197 [Test worker] INFO org.springframework.boot.test.autoconfigure.web.servlet.WebMvcTestContextBootstrapper - Using TestExecutionListeners: [org.springframework.test.context.web.ServletTestExecutionListener@e10f033, org.springframework.test.context.support.DirtiesContextBeforeModesTestExecutionListener@5d59c313, org.springframework.boot.test.mock.mockito.MockitoTestExecutionListener@15933a43, org.springframework.boot.test.autoconfigure.SpringBootDependencyInjectionTestExecutionListener@650c5eb2, org.springframework.test.context.support.DirtiesContextTestExecutionListener@6c94ab48, org.springframework.test.context.transaction.TransactionalTestExecutionListener@7fc6bc92, org.springframework.test.context.jdbc.SqlScriptsTestExecutionListener@738bd00b, org.springframework.security.test.context.support.WithSecurityContextTestExecutionListener@7475e906, org.springframework.test.context.event.EventPublishingTestExecutionListener@3d72c22b, org.springframework.security.test.context.support.ReactorContextTestExecutionListener@771adb3b, org.springframework.boot.test.autoconfigure.restdocs.RestDocsTestExecutionListener@5a3c465b, org.springframework.boot.test.autoconfigure.web.client.MockRestServiceServerResetTestExecutionListener@1dab9c3, org.springframework.boot.test.autoconfigure.web.servlet.MockMvcPrintOnlyOnFailureTestExecutionListener@2a924049, org.springframework.boot.test.autoconfigure.web.servlet.WebDriverTestExecutionListener@b708523, org.springframework.boot.test.autoconfigure.webservices.client.MockWebServiceServerTestExecutionListener@33461488, org.springframework.boot.test.mock.mockito.ResetMocksTestExecutionListener@6786a782]
13:06:24.212 [Test worker] DEBUG org.springframework.test.context.support.AbstractDirtiesContextTestExecutionListener - Before test class: context [DefaultTestContext@7b22e6f9 testClass = HelloControllerTest, testInstance = [null], testMethod = [null], testException = [null], mergedContextConfiguration = [WebMergedContextConfiguration@5e3e9d6d testClass = HelloControllerTest, locations = '{}', classes = '{class com.pyo.web.springboot.Application}', contextInitializerClasses = '[]', activeProfiles = '{}', propertySourceLocations = '{}', propertySourceProperties = '{org.springframework.boot.test.autoconfigure.web.servlet.WebMvcTestContextBootstrapper=true}', contextCustomizers = set[org.springframework.boot.test.autoconfigure.OverrideAutoConfigurationContextCustomizerFactory$DisableAutoConfigurationContextCustomizer@7eb5ded2, org.springframework.boot.test.autoconfigure.actuate.metrics.MetricsExportContextCustomizerFactory$DisableMetricExportContextCustomizer@2d691d05, org.springframework.boot.test.autoconfigure.filter.TypeExcludeFiltersContextCustomizer@6a572d26, org.springframework.boot.test.autoconfigure.properties.PropertyMappingContextCustomizer@1c091855, org.springframework.boot.test.autoconfigure.web.servlet.WebDriverContextCustomizerFactory$Customizer@45b1e329, [ImportsContextCustomizer@6d11a9de key = [org.springframework.boot.autoconfigure.cache.CacheAutoConfiguration, org.springframework.boot.autoconfigure.context.MessageSourceAutoConfiguration, org.springframework.boot.autoconfigure.data.web.SpringDataWebAutoConfiguration, org.springframework.boot.autoconfigure.freemarker.FreeMarkerAutoConfiguration, org.springframework.boot.autoconfigure.groovy.template.GroovyTemplateAutoConfiguration, org.springframework.boot.autoconfigure.gson.GsonAutoConfiguration, org.springframework.boot.autoconfigure.hateoas.HypermediaAutoConfiguration, org.springframework.boot.autoconfigure.http.HttpMessageConvertersAutoConfiguration, org.springframework.boot.autoconfigure.jackson.JacksonAutoConfiguration, org.springframework.boot.autoconfigure.jsonb.JsonbAutoConfiguration, org.springframework.boot.autoconfigure.mustache.MustacheAutoConfiguration, org.springframework.boot.autoconfigure.task.TaskExecutionAutoConfiguration, org.springframework.boot.autoconfigure.thymeleaf.ThymeleafAutoConfiguration, org.springframework.boot.autoconfigure.validation.ValidationAutoConfiguration, org.springframework.boot.autoconfigure.web.servlet.error.ErrorMvcAutoConfiguration, org.springframework.boot.autoconfigure.web.servlet.HttpEncodingAutoConfiguration, org.springframework.boot.autoconfigure.web.servlet.WebMvcAutoConfiguration, org.springframework.boot.test.autoconfigure.web.servlet.MockMvcAutoConfiguration, org.springframework.boot.test.autoconfigure.web.servlet.MockMvcWebClientAutoConfiguration, org.springframework.boot.test.autoconfigure.web.servlet.MockMvcWebDriverAutoConfiguration, org.springframework.boot.autoconfigure.security.oauth2.client.servlet.OAuth2ClientAutoConfiguration, org.springframework.boot.autoconfigure.security.oauth2.resource.servlet.OAuth2ResourceServerAutoConfiguration, org.springframework.boot.autoconfigure.security.servlet.SecurityAutoConfiguration, org.springframework.boot.autoconfigure.security.servlet.SecurityFilterAutoConfiguration, org.springframework.boot.autoconfigure.security.servlet.UserDetailsServiceAutoConfiguration, org.springframework.boot.test.autoconfigure.web.servlet.MockMvcSecurityConfiguration]], org.springframework.boot.test.context.filter.ExcludeFilterContextCustomizer@3475763, org.springframework.boot.test.json.DuplicateJsonObjectContextCustomizerFactory$DuplicateJsonObjectContextCustomizer@761a65f1, org.springframework.boot.test.mock.mockito.MockitoContextCustomizer@0, org.springframework.boot.test.context.SpringBootTestArgs@1, org.springframework.boot.test.context.SpringBootTestWebEnvironment@0], resourceBasePath = 'src/main/webapp', contextLoader = 'org.springframework.boot.test.context.SpringBootContextLoader', parent = [null]], attributes = map[[empty]]], class annotated with @DirtiesContext [false] with mode [null].
13:06:24.275 [Test worker] DEBUG org.springframework.test.context.support.DependencyInjectionTestExecutionListener - Performing dependency injection for test context [[DefaultTestContext@7b22e6f9 testClass = HelloControllerTest, testInstance = com.pyo.web.springboot.HelloControllerTest@52bb22e, testMethod = [null], testException = [null], mergedContextConfiguration = [WebMergedContextConfiguration@5e3e9d6d testClass = HelloControllerTest, locations = '{}', classes = '{class com.pyo.web.springboot.Application}', contextInitializerClasses = '[]', activeProfiles = '{}', propertySourceLocations = '{}', propertySourceProperties = '{org.springframework.boot.test.autoconfigure.web.servlet.WebMvcTestContextBootstrapper=true}', contextCustomizers = set[org.springframework.boot.test.autoconfigure.OverrideAutoConfigurationContextCustomizerFactory$DisableAutoConfigurationContextCustomizer@7eb5ded2, org.springframework.boot.test.autoconfigure.actuate.metrics.MetricsExportContextCustomizerFactory$DisableMetricExportContextCustomizer@2d691d05, org.springframework.boot.test.autoconfigure.filter.TypeExcludeFiltersContextCustomizer@6a572d26, org.springframework.boot.test.autoconfigure.properties.PropertyMappingContextCustomizer@1c091855, org.springframework.boot.test.autoconfigure.web.servlet.WebDriverContextCustomizerFactory$Customizer@45b1e329, [ImportsContextCustomizer@6d11a9de key = [org.springframework.boot.autoconfigure.cache.CacheAutoConfiguration, org.springframework.boot.autoconfigure.context.MessageSourceAutoConfiguration, org.springframework.boot.autoconfigure.data.web.SpringDataWebAutoConfiguration, org.springframework.boot.autoconfigure.freemarker.FreeMarkerAutoConfiguration, org.springframework.boot.autoconfigure.groovy.template.GroovyTemplateAutoConfiguration, org.springframework.boot.autoconfigure.gson.GsonAutoConfiguration, org.springframework.boot.autoconfigure.hateoas.HypermediaAutoConfiguration, org.springframework.boot.autoconfigure.http.HttpMessageConvertersAutoConfiguration, org.springframework.boot.autoconfigure.jackson.JacksonAutoConfiguration, org.springframework.boot.autoconfigure.jsonb.JsonbAutoConfiguration, org.springframework.boot.autoconfigure.mustache.MustacheAutoConfiguration, org.springframework.boot.autoconfigure.task.TaskExecutionAutoConfiguration, org.springframework.boot.autoconfigure.thymeleaf.ThymeleafAutoConfiguration, org.springframework.boot.autoconfigure.validation.ValidationAutoConfiguration, org.springframework.boot.autoconfigure.web.servlet.error.ErrorMvcAutoConfiguration, org.springframework.boot.autoconfigure.web.servlet.HttpEncodingAutoConfiguration, org.springframework.boot.autoconfigure.web.servlet.WebMvcAutoConfiguration, org.springframework.boot.test.autoconfigure.web.servlet.MockMvcAutoConfiguration, org.springframework.boot.test.autoconfigure.web.servlet.MockMvcWebClientAutoConfiguration, org.springframework.boot.test.autoconfigure.web.servlet.MockMvcWebDriverAutoConfiguration, org.springframework.boot.autoconfigure.security.oauth2.client.servlet.OAuth2ClientAutoConfiguration, org.springframework.boot.autoconfigure.security.oauth2.resource.servlet.OAuth2ResourceServerAutoConfiguration, org.springframework.boot.autoconfigure.security.servlet.SecurityAutoConfiguration, org.springframework.boot.autoconfigure.security.servlet.SecurityFilterAutoConfiguration, org.springframework.boot.autoconfigure.security.servlet.UserDetailsServiceAutoConfiguration, org.springframework.boot.test.autoconfigure.web.servlet.MockMvcSecurityConfiguration]], org.springframework.boot.test.context.filter.ExcludeFilterContextCustomizer@3475763, org.springframework.boot.test.json.DuplicateJsonObjectContextCustomizerFactory$DuplicateJsonObjectContextCustomizer@761a65f1, org.springframework.boot.test.mock.mockito.MockitoContextCustomizer@0, org.springframework.boot.test.context.SpringBootTestArgs@1, org.springframework.boot.test.context.SpringBootTestWebEnvironment@0], resourceBasePath = 'src/main/webapp', contextLoader = 'org.springframework.boot.test.context.SpringBootContextLoader', parent = [null]], attributes = map[[empty]]]].
13:06:24.415 [Test worker] DEBUG org.springframework.test.context.support.TestPropertySourceUtils - Adding inlined properties to environment: {spring.jmx.enabled=false, org.springframework.boot.test.autoconfigure.web.servlet.WebMvcTestContextBootstrapper=true}

  .   ____          _            __ _ _
 /\\ / ___'_ __ _ _(_)_ __  __ _ \ \ \ \
( ( )\___ | '_ | '_| | '_ \/ _` | \ \ \ \
 \\/  ___)| |_)| | | | | || (_| |  ) ) ) )
  '  |____| .__|_| |_|_| |_\__, | / / / /
 =========|_|==============|___/=/_/_/_/
 :: Spring Boot ::                (v2.4.1)

2022-12-22 13:06:25.993  INFO 9920 --- [    Test worker] c.p.web.springboot.HelloControllerTest   : Starting HelloControllerTest using Java 11.0.15.1 on DESKTOP-J5A74CM with PID 9920 (started by dnflt in C:\Users\dnflt\Downloads\core\Spring-boot-web-service)
2022-12-22 13:06:26.040  INFO 9920 --- [    Test worker] c.p.web.springboot.HelloControllerTest   : No active profile set, falling back to default profiles: default
2022-12-22 13:06:31.290  INFO 9920 --- [    Test worker] o.s.s.concurrent.ThreadPoolTaskExecutor  : Initializing ExecutorService 'applicationTaskExecutor'
2022-12-22 13:06:31.743  INFO 9920 --- [    Test worker] o.s.b.a.w.s.WelcomePageHandlerMapping    : Adding welcome page template: index
2022-12-22 13:06:33.868  INFO 9920 --- [    Test worker] o.s.s.web.DefaultSecurityFilterChain     : Will secure any request with [org.springframework.security.web.context.request.async.WebAsyncManagerIntegrationFilter@6ae9dd46, org.springframework.security.web.context.SecurityContextPersistenceFilter@4f89014f, org.springframework.security.web.header.HeaderWriterFilter@184f4e38, org.springframework.security.web.csrf.CsrfFilter@5a39a9a6, org.springframework.security.web.authentication.logout.LogoutFilter@4728a851, org.springframework.security.oauth2.client.web.OAuth2AuthorizationRequestRedirectFilter@719f8a7b, org.springframework.security.oauth2.client.web.OAuth2AuthorizationRequestRedirectFilter@343abce8, org.springframework.security.oauth2.client.web.OAuth2LoginAuthenticationFilter@6bf95bd4, org.springframework.security.web.authentication.ui.DefaultLoginPageGeneratingFilter@4343419b, org.springframework.security.web.authentication.ui.DefaultLogoutPageGeneratingFilter@751d3c9c, org.springframework.security.web.savedrequest.RequestCacheAwareFilter@21080e7f, org.springframework.security.web.servletapi.SecurityContextHolderAwareRequestFilter@7ec51da4, org.springframework.security.web.authentication.AnonymousAuthenticationFilter@7e2c18fc, org.springframework.security.oauth2.client.web.OAuth2AuthorizationCodeGrantFilter@2ec4b0b8, org.springframework.security.web.session.SessionManagementFilter@77539600, org.springframework.security.web.access.ExceptionTranslationFilter@4f8af5b4, org.springframework.security.web.access.intercept.FilterSecurityInterceptor@5e707110]
2022-12-22 13:06:34.383  INFO 9920 --- [    Test worker] o.s.b.t.m.w.SpringBootMockServletContext : Initializing Spring TestDispatcherServlet ''
2022-12-22 13:06:34.383  INFO 9920 --- [    Test worker] o.s.t.web.servlet.TestDispatcherServlet  : Initializing Servlet ''
2022-12-22 13:06:34.399  INFO 9920 --- [    Test worker] o.s.t.web.servlet.TestDispatcherServlet  : Completed initialization in 16 ms
2022-12-22 13:06:34.539  INFO 9920 --- [    Test worker] c.p.web.springboot.HelloControllerTest   : Started HelloControllerTest in 10.093 seconds (JVM running for 15.461)
]]></system-out>
  <system-err><![CDATA[]]></system-err>
</testsuite>
