<?xml version="1.0" encoding="UTF-8"?>
<testsuite name="com.pyo.web.springboot.domain.IndexControllerTest" tests="1" skipped="0" failures="0" errors="0" timestamp="2022-12-20T07:49:07" hostname="DESKTOP-J5A74CM" time="1.521">
  <properties/>
  <testcase name="메인페이지_로딩()" classname="com.pyo.web.springboot.domain.IndexControllerTest" time="1.521"/>
  <system-out><![CDATA[16:48:45.735 [Test worker] DEBUG org.springframework.test.context.BootstrapUtils - Instantiating CacheAwareContextLoaderDelegate from class [org.springframework.test.context.cache.DefaultCacheAwareContextLoaderDelegate]
16:48:45.798 [Test worker] DEBUG org.springframework.test.context.BootstrapUtils - Instantiating BootstrapContext using constructor [public org.springframework.test.context.support.DefaultBootstrapContext(java.lang.Class,org.springframework.test.context.CacheAwareContextLoaderDelegate)]
16:48:45.923 [Test worker] DEBUG org.springframework.test.context.BootstrapUtils - Instantiating TestContextBootstrapper for test class [com.pyo.web.springboot.domain.IndexControllerTest] from class [org.springframework.boot.test.context.SpringBootTestContextBootstrapper]
16:48:45.970 [Test worker] INFO org.springframework.boot.test.context.SpringBootTestContextBootstrapper - Neither @ContextConfiguration nor @ContextHierarchy found for test class [com.pyo.web.springboot.domain.IndexControllerTest], using SpringBootContextLoader
16:48:45.986 [Test worker] DEBUG org.springframework.test.context.support.AbstractContextLoader - Did not detect default resource location for test class [com.pyo.web.springboot.domain.IndexControllerTest]: class path resource [com/pyo/web/springboot/domain/IndexControllerTest-context.xml] does not exist
16:48:45.986 [Test worker] DEBUG org.springframework.test.context.support.AbstractContextLoader - Did not detect default resource location for test class [com.pyo.web.springboot.domain.IndexControllerTest]: class path resource [com/pyo/web/springboot/domain/IndexControllerTestContext.groovy] does not exist
16:48:45.986 [Test worker] INFO org.springframework.test.context.support.AbstractContextLoader - Could not detect default resource locations for test class [com.pyo.web.springboot.domain.IndexControllerTest]: no resource found for suffixes {-context.xml, Context.groovy}.
16:48:45.986 [Test worker] INFO org.springframework.test.context.support.AnnotationConfigContextLoaderUtils - Could not detect default configuration classes for test class [com.pyo.web.springboot.domain.IndexControllerTest]: IndexControllerTest does not declare any static, non-private, non-final, nested classes annotated with @Configuration.
16:48:46.157 [Test worker] DEBUG org.springframework.test.context.support.ActiveProfilesUtils - Could not find an 'annotation declaring class' for annotation type [org.springframework.test.context.ActiveProfiles] and class [com.pyo.web.springboot.domain.IndexControllerTest]
16:48:46.532 [Test worker] DEBUG org.springframework.context.annotation.ClassPathScanningCandidateComponentProvider - Identified candidate component class: file [C:\Users\dnflt\Downloads\core\Spring-boot-web-service\build\classes\java\main\com\pyo\web\springboot\Application.class]
16:48:46.532 [Test worker] INFO org.springframework.boot.test.context.SpringBootTestContextBootstrapper - Found @SpringBootConfiguration com.pyo.web.springboot.Application for test class com.pyo.web.springboot.domain.IndexControllerTest
16:48:47.001 [Test worker] DEBUG org.springframework.boot.test.context.SpringBootTestContextBootstrapper - @TestExecutionListeners is not present for class [com.pyo.web.springboot.domain.IndexControllerTest]: using defaults.
16:48:47.001 [Test worker] INFO org.springframework.boot.test.context.SpringBootTestContextBootstrapper - Loaded default TestExecutionListener class names from location [META-INF/spring.factories]: [org.springframework.boot.test.autoconfigure.restdocs.RestDocsTestExecutionListener, org.springframework.boot.test.autoconfigure.web.client.MockRestServiceServerResetTestExecutionListener, org.springframework.boot.test.autoconfigure.web.servlet.MockMvcPrintOnlyOnFailureTestExecutionListener, org.springframework.boot.test.autoconfigure.web.servlet.WebDriverTestExecutionListener, org.springframework.boot.test.autoconfigure.webservices.client.MockWebServiceServerTestExecutionListener, org.springframework.boot.test.mock.mockito.MockitoTestExecutionListener, org.springframework.boot.test.mock.mockito.ResetMocksTestExecutionListener, org.springframework.test.context.web.ServletTestExecutionListener, org.springframework.test.context.support.DirtiesContextBeforeModesTestExecutionListener, org.springframework.test.context.support.DependencyInjectionTestExecutionListener, org.springframework.test.context.support.DirtiesContextTestExecutionListener, org.springframework.test.context.transaction.TransactionalTestExecutionListener, org.springframework.test.context.jdbc.SqlScriptsTestExecutionListener, org.springframework.test.context.event.EventPublishingTestExecutionListener]
16:48:47.079 [Test worker] INFO org.springframework.boot.test.context.SpringBootTestContextBootstrapper - Using TestExecutionListeners: [org.springframework.test.context.web.ServletTestExecutionListener@65a5ccb6, org.springframework.test.context.support.DirtiesContextBeforeModesTestExecutionListener@9a168ab, org.springframework.boot.test.mock.mockito.MockitoTestExecutionListener@e93d9ea, org.springframework.boot.test.autoconfigure.SpringBootDependencyInjectionTestExecutionListener@41099256, org.springframework.test.context.support.DirtiesContextTestExecutionListener@a8226bd, org.springframework.test.context.transaction.TransactionalTestExecutionListener@8e4f376, org.springframework.test.context.jdbc.SqlScriptsTestExecutionListener@18a83709, org.springframework.test.context.event.EventPublishingTestExecutionListener@153e9d68, org.springframework.boot.test.autoconfigure.restdocs.RestDocsTestExecutionListener@e92f6bc, org.springframework.boot.test.autoconfigure.web.client.MockRestServiceServerResetTestExecutionListener@2142db5b, org.springframework.boot.test.autoconfigure.web.servlet.MockMvcPrintOnlyOnFailureTestExecutionListener@788bb005, org.springframework.boot.test.autoconfigure.web.servlet.WebDriverTestExecutionListener@193fa7a1, org.springframework.boot.test.autoconfigure.webservices.client.MockWebServiceServerTestExecutionListener@1852c, org.springframework.boot.test.mock.mockito.ResetMocksTestExecutionListener@37ae0e74]
16:48:47.095 [Test worker] DEBUG org.springframework.test.context.support.AbstractDirtiesContextTestExecutionListener - Before test class: context [DefaultTestContext@60abbe94 testClass = IndexControllerTest, testInstance = [null], testMethod = [null], testException = [null], mergedContextConfiguration = [WebMergedContextConfiguration@3b66a2f testClass = IndexControllerTest, locations = '{}', classes = '{class com.pyo.web.springboot.Application}', contextInitializerClasses = '[]', activeProfiles = '{}', propertySourceLocations = '{}', propertySourceProperties = '{org.springframework.boot.test.context.SpringBootTestContextBootstrapper=true, server.port=0}', contextCustomizers = set[org.springframework.boot.test.autoconfigure.actuate.metrics.MetricsExportContextCustomizerFactory$DisableMetricExportContextCustomizer@3c8c3207, org.springframework.boot.test.autoconfigure.properties.PropertyMappingContextCustomizer@0, org.springframework.boot.test.autoconfigure.web.servlet.WebDriverContextCustomizerFactory$Customizer@13ca4f6f, org.springframework.boot.test.context.filter.ExcludeFilterContextCustomizer@2785af, org.springframework.boot.test.json.DuplicateJsonObjectContextCustomizerFactory$DuplicateJsonObjectContextCustomizer@5fdfda04, org.springframework.boot.test.mock.mockito.MockitoContextCustomizer@0, org.springframework.boot.test.web.client.TestRestTemplateContextCustomizer@42abb440, org.springframework.boot.test.context.SpringBootTestArgs@1, org.springframework.boot.test.context.SpringBootTestWebEnvironment@15f27b66], resourceBasePath = 'src/main/webapp', contextLoader = 'org.springframework.boot.test.context.SpringBootContextLoader', parent = [null]], attributes = map['org.springframework.test.context.web.ServletTestExecutionListener.activateListener' -> false]], class annotated with @DirtiesContext [false] with mode [null].
16:48:47.157 [Test worker] DEBUG org.springframework.test.context.support.DependencyInjectionTestExecutionListener - Performing dependency injection for test context [[DefaultTestContext@60abbe94 testClass = IndexControllerTest, testInstance = com.pyo.web.springboot.domain.IndexControllerTest@2f72442b, testMethod = [null], testException = [null], mergedContextConfiguration = [WebMergedContextConfiguration@3b66a2f testClass = IndexControllerTest, locations = '{}', classes = '{class com.pyo.web.springboot.Application}', contextInitializerClasses = '[]', activeProfiles = '{}', propertySourceLocations = '{}', propertySourceProperties = '{org.springframework.boot.test.context.SpringBootTestContextBootstrapper=true, server.port=0}', contextCustomizers = set[org.springframework.boot.test.autoconfigure.actuate.metrics.MetricsExportContextCustomizerFactory$DisableMetricExportContextCustomizer@3c8c3207, org.springframework.boot.test.autoconfigure.properties.PropertyMappingContextCustomizer@0, org.springframework.boot.test.autoconfigure.web.servlet.WebDriverContextCustomizerFactory$Customizer@13ca4f6f, org.springframework.boot.test.context.filter.ExcludeFilterContextCustomizer@2785af, org.springframework.boot.test.json.DuplicateJsonObjectContextCustomizerFactory$DuplicateJsonObjectContextCustomizer@5fdfda04, org.springframework.boot.test.mock.mockito.MockitoContextCustomizer@0, org.springframework.boot.test.web.client.TestRestTemplateContextCustomizer@42abb440, org.springframework.boot.test.context.SpringBootTestArgs@1, org.springframework.boot.test.context.SpringBootTestWebEnvironment@15f27b66], resourceBasePath = 'src/main/webapp', contextLoader = 'org.springframework.boot.test.context.SpringBootContextLoader', parent = [null]], attributes = map['org.springframework.test.context.web.ServletTestExecutionListener.activateListener' -> false]]].
16:48:47.282 [Test worker] DEBUG org.springframework.test.context.support.TestPropertySourceUtils - Adding inlined properties to environment: {spring.jmx.enabled=false, org.springframework.boot.test.context.SpringBootTestContextBootstrapper=true, server.port=0}

  .   ____          _            __ _ _
 /\\ / ___'_ __ _ _(_)_ __  __ _ \ \ \ \
( ( )\___ | '_ | '_| | '_ \/ _` | \ \ \ \
 \\/  ___)| |_)| | | | | || (_| |  ) ) ) )
  '  |____| .__|_| |_|_| |_\__, | / / / /
 =========|_|==============|___/=/_/_/_/
 :: Spring Boot ::                (v2.4.1)

2022-12-20 16:48:48.626  INFO 11780 --- [    Test worker] c.p.w.s.domain.IndexControllerTest       : Starting IndexControllerTest using Java 11.0.15.1 on DESKTOP-J5A74CM with PID 11780 (started by dnflt in C:\Users\dnflt\Downloads\core\Spring-boot-web-service)
2022-12-20 16:48:48.673  INFO 11780 --- [    Test worker] c.p.w.s.domain.IndexControllerTest       : No active profile set, falling back to default profiles: default
2022-12-20 16:48:51.516  INFO 11780 --- [    Test worker] .s.d.r.c.RepositoryConfigurationDelegate : Bootstrapping Spring Data JPA repositories in DEFAULT mode.
2022-12-20 16:48:51.735  INFO 11780 --- [    Test worker] .s.d.r.c.RepositoryConfigurationDelegate : Finished Spring Data repository scanning in 206 ms. Found 1 JPA repository interfaces.
2022-12-20 16:48:54.532  INFO 11780 --- [    Test worker] o.s.b.w.embedded.tomcat.TomcatWebServer  : Tomcat initialized with port(s): 0 (http)
2022-12-20 16:48:54.579  INFO 11780 --- [    Test worker] o.apache.catalina.core.StandardService   : Starting service [Tomcat]
2022-12-20 16:48:54.579  INFO 11780 --- [    Test worker] org.apache.catalina.core.StandardEngine  : Starting Servlet engine: [Apache Tomcat/9.0.41]
2022-12-20 16:48:55.032  INFO 11780 --- [    Test worker] o.a.c.c.C.[Tomcat].[localhost].[/]       : Initializing Spring embedded WebApplicationContext
2022-12-20 16:48:55.032  INFO 11780 --- [    Test worker] w.s.c.ServletWebServerApplicationContext : Root WebApplicationContext: initialization completed in 6234 ms
2022-12-20 16:48:55.329  INFO 11780 --- [    Test worker] com.zaxxer.hikari.HikariDataSource       : HikariPool-1 - Starting...
2022-12-20 16:48:56.125  INFO 11780 --- [    Test worker] com.zaxxer.hikari.HikariDataSource       : HikariPool-1 - Start completed.
2022-12-20 16:48:56.157  INFO 11780 --- [    Test worker] o.s.b.a.h2.H2ConsoleAutoConfiguration    : H2 console available at '/h2-console'. Database available at 'jdbc:h2:mem:testdb'
2022-12-20 16:48:57.297  INFO 11780 --- [    Test worker] o.hibernate.jpa.internal.util.LogHelper  : HHH000204: Processing PersistenceUnitInfo [name: default]
2022-12-20 16:48:57.563  INFO 11780 --- [    Test worker] org.hibernate.Version                    : HHH000412: Hibernate ORM core version 5.4.25.Final
2022-12-20 16:48:58.313  INFO 11780 --- [    Test worker] o.hibernate.annotations.common.Version   : HCANN000001: Hibernate Commons Annotations {5.1.2.Final}
2022-12-20 16:48:58.891  INFO 11780 --- [    Test worker] org.hibernate.dialect.Dialect            : HHH000400: Using dialect: org.hibernate.dialect.MySQL57Dialect
Hibernate: drop table if exists posts
Hibernate: create table posts (id bigint not null auto_increment, created_date datetime(6), modified_date datetime(6), author varchar(255), content TEXT not null, title varchar(500) not null, primary key (id)) engine=InnoDB
2022-12-20 16:49:01.813  INFO 11780 --- [    Test worker] o.h.e.t.j.p.i.JtaPlatformInitiator       : HHH000490: Using JtaPlatform implementation: [org.hibernate.engine.transaction.jta.platform.internal.NoJtaPlatform]
2022-12-20 16:49:01.844  INFO 11780 --- [    Test worker] j.LocalContainerEntityManagerFactoryBean : Initialized JPA EntityManagerFactory for persistence unit 'default'
2022-12-20 16:49:03.500  WARN 11780 --- [    Test worker] JpaBaseConfiguration$JpaWebConfiguration : spring.jpa.open-in-view is enabled by default. Therefore, database queries may be performed during view rendering. Explicitly configure spring.jpa.open-in-view to disable this warning
2022-12-20 16:49:04.859  INFO 11780 --- [    Test worker] o.s.s.concurrent.ThreadPoolTaskExecutor  : Initializing ExecutorService 'applicationTaskExecutor'
2022-12-20 16:49:05.453  INFO 11780 --- [    Test worker] o.s.b.a.w.s.WelcomePageHandlerMapping    : Adding welcome page template: index
2022-12-20 16:49:07.000  INFO 11780 --- [    Test worker] o.s.b.w.embedded.tomcat.TomcatWebServer  : Tomcat started on port(s): 65162 (http) with context path ''
2022-12-20 16:49:07.031  INFO 11780 --- [    Test worker] c.p.w.s.domain.IndexControllerTest       : Started IndexControllerTest in 19.724 seconds (JVM running for 24.916)
2022-12-20 16:49:08.016  INFO 11780 --- [o-auto-1-exec-1] o.a.c.c.C.[Tomcat].[localhost].[/]       : Initializing Spring DispatcherServlet 'dispatcherServlet'
2022-12-20 16:49:08.016  INFO 11780 --- [o-auto-1-exec-1] o.s.web.servlet.DispatcherServlet        : Initializing Servlet 'dispatcherServlet'
2022-12-20 16:49:08.016  INFO 11780 --- [o-auto-1-exec-1] o.s.web.servlet.DispatcherServlet        : Completed initialization in 0 ms
]]></system-out>
  <system-err><![CDATA[]]></system-err>
</testsuite>
