<?xml version="1.0" encoding="UTF-8"?>
<testsuite name="com.pyo.web.springboot.domain.posts.PostsRepositoryTest" tests="2" skipped="0" failures="0" errors="0" timestamp="2022-12-22T04:07:00" hostname="DESKTOP-J5A74CM" time="0.543">
  <properties/>
  <testcase name="게시글저장_불러오기()" classname="com.pyo.web.springboot.domain.posts.PostsRepositoryTest" time="0.476"/>
  <testcase name="BaseTimeEntity_등록()" classname="com.pyo.web.springboot.domain.posts.PostsRepositoryTest" time="0.061"/>
  <system-out><![CDATA[2022-12-22 13:06:54.662  INFO 9920 --- [    Test worker] .b.t.c.SpringBootTestContextBootstrapper : Neither @ContextConfiguration nor @ContextHierarchy found for test class [com.pyo.web.springboot.domain.posts.PostsRepositoryTest], using SpringBootContextLoader
2022-12-22 13:06:54.662  INFO 9920 --- [    Test worker] o.s.t.c.support.AbstractContextLoader    : Could not detect default resource locations for test class [com.pyo.web.springboot.domain.posts.PostsRepositoryTest]: no resource found for suffixes {-context.xml, Context.groovy}.
2022-12-22 13:06:54.662  INFO 9920 --- [    Test worker] t.c.s.AnnotationConfigContextLoaderUtils : Could not detect default configuration classes for test class [com.pyo.web.springboot.domain.posts.PostsRepositoryTest]: PostsRepositoryTest does not declare any static, non-private, non-final, nested classes annotated with @Configuration.
2022-12-22 13:06:54.709  INFO 9920 --- [    Test worker] .b.t.c.SpringBootTestContextBootstrapper : Found @SpringBootConfiguration com.pyo.web.springboot.Application for test class com.pyo.web.springboot.domain.posts.PostsRepositoryTest
2022-12-22 13:06:54.725  INFO 9920 --- [    Test worker] .b.t.c.SpringBootTestContextBootstrapper : Loaded default TestExecutionListener class names from location [META-INF/spring.factories]: [org.springframework.security.test.context.support.WithSecurityContextTestExecutionListener, org.springframework.security.test.context.support.ReactorContextTestExecutionListener, org.springframework.boot.test.autoconfigure.restdocs.RestDocsTestExecutionListener, org.springframework.boot.test.autoconfigure.web.client.MockRestServiceServerResetTestExecutionListener, org.springframework.boot.test.autoconfigure.web.servlet.MockMvcPrintOnlyOnFailureTestExecutionListener, org.springframework.boot.test.autoconfigure.web.servlet.WebDriverTestExecutionListener, org.springframework.boot.test.autoconfigure.webservices.client.MockWebServiceServerTestExecutionListener, org.springframework.boot.test.mock.mockito.MockitoTestExecutionListener, org.springframework.boot.test.mock.mockito.ResetMocksTestExecutionListener, org.springframework.test.context.web.ServletTestExecutionListener, org.springframework.test.context.support.DirtiesContextBeforeModesTestExecutionListener, org.springframework.test.context.support.DependencyInjectionTestExecutionListener, org.springframework.test.context.support.DirtiesContextTestExecutionListener, org.springframework.test.context.transaction.TransactionalTestExecutionListener, org.springframework.test.context.jdbc.SqlScriptsTestExecutionListener, org.springframework.test.context.event.EventPublishingTestExecutionListener]
2022-12-22 13:06:54.725  INFO 9920 --- [    Test worker] .b.t.c.SpringBootTestContextBootstrapper : Using TestExecutionListeners: [org.springframework.test.context.web.ServletTestExecutionListener@87740ce, org.springframework.test.context.support.DirtiesContextBeforeModesTestExecutionListener@548737c, org.springframework.boot.test.mock.mockito.MockitoTestExecutionListener@7f5ccacc, org.springframework.boot.test.autoconfigure.SpringBootDependencyInjectionTestExecutionListener@77af425d, org.springframework.test.context.support.DirtiesContextTestExecutionListener@45ec0d56, org.springframework.test.context.transaction.TransactionalTestExecutionListener@3f94504, org.springframework.test.context.jdbc.SqlScriptsTestExecutionListener@1aeaf51d, org.springframework.security.test.context.support.WithSecurityContextTestExecutionListener@175af1b7, org.springframework.test.context.event.EventPublishingTestExecutionListener@32f9d8b7, org.springframework.security.test.context.support.ReactorContextTestExecutionListener@7b617a89, org.springframework.boot.test.autoconfigure.restdocs.RestDocsTestExecutionListener@36ee3ae5, org.springframework.boot.test.autoconfigure.web.client.MockRestServiceServerResetTestExecutionListener@7679a2c6, org.springframework.boot.test.autoconfigure.web.servlet.MockMvcPrintOnlyOnFailureTestExecutionListener@a39f0de, org.springframework.boot.test.autoconfigure.web.servlet.WebDriverTestExecutionListener@7a7c7622, org.springframework.boot.test.autoconfigure.webservices.client.MockWebServiceServerTestExecutionListener@3d02429a, org.springframework.boot.test.mock.mockito.ResetMocksTestExecutionListener@6d6a86e]

  .   ____          _            __ _ _
 /\\ / ___'_ __ _ _(_)_ __  __ _ \ \ \ \
( ( )\___ | '_ | '_| | '_ \/ _` | \ \ \ \
 \\/  ___)| |_)| | | | | || (_| |  ) ) ) )
  '  |____| .__|_| |_|_| |_\__, | / / / /
 =========|_|==============|___/=/_/_/_/
 :: Spring Boot ::                (v2.4.1)

2022-12-22 13:06:54.819  INFO 9920 --- [    Test worker] c.p.w.s.d.posts.PostsRepositoryTest      : Starting PostsRepositoryTest using Java 11.0.15.1 on DESKTOP-J5A74CM with PID 9920 (started by dnflt in C:\Users\dnflt\Downloads\core\Spring-boot-web-service)
2022-12-22 13:06:54.819  INFO 9920 --- [    Test worker] c.p.w.s.d.posts.PostsRepositoryTest      : No active profile set, falling back to default profiles: default
2022-12-22 13:06:55.756  INFO 9920 --- [    Test worker] .s.d.r.c.RepositoryConfigurationDelegate : Bootstrapping Spring Data JPA repositories in DEFAULT mode.
2022-12-22 13:06:55.834  INFO 9920 --- [    Test worker] .s.d.r.c.RepositoryConfigurationDelegate : Finished Spring Data repository scanning in 80 ms. Found 2 JPA repository interfaces.
2022-12-22 13:06:56.490  INFO 9920 --- [    Test worker] com.zaxxer.hikari.HikariDataSource       : HikariPool-2 - Starting...
2022-12-22 13:06:56.490  INFO 9920 --- [    Test worker] com.zaxxer.hikari.HikariDataSource       : HikariPool-2 - Start completed.
2022-12-22 13:06:56.584  INFO 9920 --- [    Test worker] o.hibernate.jpa.internal.util.LogHelper  : HHH000204: Processing PersistenceUnitInfo [name: default]
2022-12-22 13:06:56.615  INFO 9920 --- [    Test worker] org.hibernate.dialect.Dialect            : HHH000400: Using dialect: org.hibernate.dialect.MySQL57Dialect
Hibernate: drop table if exists posts
Hibernate: drop table if exists user
Hibernate: create table posts (id bigint not null auto_increment, created_date datetime(6), modified_date datetime(6), author varchar(255), content TEXT not null, title varchar(500) not null, primary key (id)) engine=InnoDB
Hibernate: create table user (id bigint not null auto_increment, created_date datetime(6), modified_date datetime(6), email varchar(255) not null, name varchar(255) not null, picture varchar(255), role varchar(255) not null, primary key (id)) engine=InnoDB
2022-12-22 13:06:56.834  INFO 9920 --- [    Test worker] o.h.e.t.j.p.i.JtaPlatformInitiator       : HHH000490: Using JtaPlatform implementation: [org.hibernate.engine.transaction.jta.platform.internal.NoJtaPlatform]
2022-12-22 13:06:56.834  INFO 9920 --- [    Test worker] j.LocalContainerEntityManagerFactoryBean : Initialized JPA EntityManagerFactory for persistence unit 'default'
2022-12-22 13:06:57.334  WARN 9920 --- [    Test worker] JpaBaseConfiguration$JpaWebConfiguration : spring.jpa.open-in-view is enabled by default. Therefore, database queries may be performed during view rendering. Explicitly configure spring.jpa.open-in-view to disable this warning
2022-12-22 13:06:58.225  INFO 9920 --- [    Test worker] o.s.s.web.DefaultSecurityFilterChain     : Will secure any request with [org.springframework.security.web.context.request.async.WebAsyncManagerIntegrationFilter@30db8731, org.springframework.security.web.context.SecurityContextPersistenceFilter@237c11f7, org.springframework.security.web.header.HeaderWriterFilter@6fb8b1a6, org.springframework.security.web.authentication.logout.LogoutFilter@5b2a39fd, org.springframework.security.oauth2.client.web.OAuth2AuthorizationRequestRedirectFilter@22a03a51, org.springframework.security.oauth2.client.web.OAuth2LoginAuthenticationFilter@3bcc5d0c, org.springframework.security.web.authentication.ui.DefaultLoginPageGeneratingFilter@33933636, org.springframework.security.web.authentication.ui.DefaultLogoutPageGeneratingFilter@79104a3b, org.springframework.security.web.savedrequest.RequestCacheAwareFilter@5f5e8f9c, org.springframework.security.web.servletapi.SecurityContextHolderAwareRequestFilter@2743b2e6, org.springframework.security.web.authentication.AnonymousAuthenticationFilter@5a4185fa, org.springframework.security.web.session.SessionManagementFilter@3a78c4c0, org.springframework.security.web.access.ExceptionTranslationFilter@35f74c95, org.springframework.security.web.access.intercept.FilterSecurityInterceptor@dc88958]
2022-12-22 13:06:58.928  INFO 9920 --- [    Test worker] o.s.s.concurrent.ThreadPoolTaskExecutor  : Initializing ExecutorService 'applicationTaskExecutor'
2022-12-22 13:06:58.990  INFO 9920 --- [    Test worker] o.s.b.a.h2.H2ConsoleAutoConfiguration    : H2 console available at '/h2-console'. Database available at 'jdbc:h2:mem:testdb'
2022-12-22 13:06:59.084  INFO 9920 --- [    Test worker] o.s.b.a.w.s.WelcomePageHandlerMapping    : Adding welcome page template: index
2022-12-22 13:07:00.287  INFO 9920 --- [    Test worker] s.a.ScheduledAnnotationBeanPostProcessor : No TaskScheduler/ScheduledExecutorService bean found for scheduled processing
2022-12-22 13:07:00.287  INFO 9920 --- [    Test worker] c.p.w.s.d.posts.PostsRepositoryTest      : Started PostsRepositoryTest in 5.553 seconds (JVM running for 41.212)
Hibernate: insert into posts (created_date, modified_date, author, content, title) values (?, ?, ?, ?, ?)
Hibernate: select posts0_.id as id1_0_, posts0_.created_date as created_2_0_, posts0_.modified_date as modified3_0_, posts0_.author as author4_0_, posts0_.content as content5_0_, posts0_.title as title6_0_ from posts posts0_
Hibernate: select posts0_.id as id1_0_, posts0_.created_date as created_2_0_, posts0_.modified_date as modified3_0_, posts0_.author as author4_0_, posts0_.content as content5_0_, posts0_.title as title6_0_ from posts posts0_
Hibernate: delete from posts where id=?
Hibernate: insert into posts (created_date, modified_date, author, content, title) values (?, ?, ?, ?, ?)
Hibernate: select posts0_.id as id1_0_, posts0_.created_date as created_2_0_, posts0_.modified_date as modified3_0_, posts0_.author as author4_0_, posts0_.content as content5_0_, posts0_.title as title6_0_ from posts posts0_
>>>>>>>>>>>> createDate=2022-12-22T13:07:00.787301, modifiedDate =2022-12-22T13:07:00.787301
Hibernate: select posts0_.id as id1_0_, posts0_.created_date as created_2_0_, posts0_.modified_date as modified3_0_, posts0_.author as author4_0_, posts0_.content as content5_0_, posts0_.title as title6_0_ from posts posts0_
Hibernate: delete from posts where id=?
]]></system-out>
  <system-err><![CDATA[]]></system-err>
</testsuite>
